{
"/Users/jonoforbes/Developer/Ether/winecellar/src/statemanagement/reducers/containers/application.reducer.ts":{"path":"/Users/jonoforbes/Developer/Ether/winecellar/src/statemanagement/reducers/containers/application.reducer.ts","s":{"1":1,"2":1,"3":1,"4":4,"5":1,"6":4,"7":1,"8":1,"9":2,"10":1},"b":{"1":[1,3],"2":[1,1,2]},"f":{"1":4},"fnMap":{"1":{"name":"applicationReducer","line":6,"loc":{"start":{"line":6,"column":0},"end":{"line":6,"column":43}}}},"statementMap":{"1":{"start":{"line":2,"column":0},"end":{"line":2,"column":66}},"2":{"start":{"line":3,"column":0},"end":{"line":5,"column":2}},"3":{"start":{"line":6,"column":0},"end":{"line":20,"column":1}},"4":{"start":{"line":7,"column":4},"end":{"line":7,"column":51}},"5":{"start":{"line":7,"column":28},"end":{"line":7,"column":49}},"6":{"start":{"line":8,"column":4},"end":{"line":19,"column":5}},"7":{"start":{"line":10,"column":12},"end":{"line":12,"column":14}},"8":{"start":{"line":14,"column":12},"end":{"line":16,"column":14}},"9":{"start":{"line":18,"column":12},"end":{"line":18,"column":25}},"10":{"start":{"line":21,"column":0},"end":{"line":21,"column":48}}},"branchMap":{"1":{"line":7,"type":"if","locations":[{"start":{"line":7,"column":4},"end":{"line":7,"column":4}},{"start":{"line":7,"column":4},"end":{"line":7,"column":4}}]},"2":{"line":8,"type":"switch","locations":[{"start":{"line":9,"column":8},"end":{"line":12,"column":14}},{"start":{"line":13,"column":8},"end":{"line":16,"column":14}},{"start":{"line":17,"column":8},"end":{"line":18,"column":25}}]}},"code":["\"use strict\";","var application = require(\"../../actions/containers/application\");","var initialState = {","    isBusy: false","};","function applicationReducer(state, action) {","    if (state === void 0) { state = initialState; }","    switch (action.type) {","        case application.ActionTypes.ENABLE_BUSY_FLAG:","            return {","                isBusy: true","            };","        case application.ActionTypes.DISABLE_BUSY_FLAG:","            return {","                isBusy: false","            };","        default:","            return state;","    }","}","exports.applicationReducer = applicationReducer;",";",""],"l":{"2":1,"3":1,"6":1,"7":4,"8":4,"10":1,"14":1,"18":2,"21":1}},
"/Users/jonoforbes/Developer/Ether/winecellar/src/statemanagement/actions/containers/application.ts":{"path":"/Users/jonoforbes/Developer/Ether/winecellar/src/statemanagement/actions/containers/application.ts","s":{"1":1,"2":1,"3":1,"4":1,"5":1,"6":1,"7":1,"8":1,"9":1,"10":1,"11":1,"12":1},"b":{},"f":{"1":1,"2":1,"3":1,"4":1},"fnMap":{"1":{"name":"(anonymous_1)","line":7,"loc":{"start":{"line":7,"column":22},"end":{"line":7,"column":34}}},"2":{"name":"EnableBusyFlag","line":8,"loc":{"start":{"line":8,"column":4},"end":{"line":8,"column":30}}},"3":{"name":"(anonymous_3)","line":14,"loc":{"start":{"line":14,"column":23},"end":{"line":14,"column":35}}},"4":{"name":"DisableBusyFlag","line":15,"loc":{"start":{"line":15,"column":4},"end":{"line":15,"column":31}}}},"statementMap":{"1":{"start":{"line":2,"column":0},"end":{"line":2,"column":40}},"2":{"start":{"line":3,"column":0},"end":{"line":6,"column":2}},"3":{"start":{"line":7,"column":0},"end":{"line":12,"column":5}},"4":{"start":{"line":8,"column":4},"end":{"line":10,"column":5}},"5":{"start":{"line":9,"column":8},"end":{"line":9,"column":57}},"6":{"start":{"line":11,"column":4},"end":{"line":11,"column":26}},"7":{"start":{"line":13,"column":0},"end":{"line":13,"column":40}},"8":{"start":{"line":14,"column":0},"end":{"line":19,"column":5}},"9":{"start":{"line":15,"column":4},"end":{"line":17,"column":5}},"10":{"start":{"line":16,"column":8},"end":{"line":16,"column":58}},"11":{"start":{"line":18,"column":4},"end":{"line":18,"column":27}},"12":{"start":{"line":20,"column":0},"end":{"line":20,"column":42}}},"branchMap":{},"code":["\"use strict\";","var util_1 = require(\"../../util/util\");","exports.ActionTypes = {","    ENABLE_BUSY_FLAG: util_1.type(\"CONTAINER_APPLICATION_ENABLE_BUSY_FLAG\"),","    DISABLE_BUSY_FLAG: util_1.type(\"CONTAINER_APPLICATION_DISABLE_BUSY_FLAG\")","};","var EnableBusyFlag = (function () {","    function EnableBusyFlag() {","        this.type = exports.ActionTypes.ENABLE_BUSY_FLAG;","    }","    return EnableBusyFlag;","}());","exports.EnableBusyFlag = EnableBusyFlag;","var DisableBusyFlag = (function () {","    function DisableBusyFlag() {","        this.type = exports.ActionTypes.DISABLE_BUSY_FLAG;","    }","    return DisableBusyFlag;","}());","exports.DisableBusyFlag = DisableBusyFlag;",""],"l":{"2":1,"3":1,"7":1,"8":1,"9":1,"11":1,"13":1,"14":1,"15":1,"16":1,"18":1,"20":1}},
"/Users/jonoforbes/Developer/Ether/winecellar/src/statemanagement/util/util.ts":{"path":"/Users/jonoforbes/Developer/Ether/winecellar/src/statemanagement/util/util.ts","s":{"1":1,"2":1,"3":12,"4":0,"5":12,"6":12,"7":1},"b":{"1":[0,12]},"f":{"1":12},"fnMap":{"1":{"name":"type","line":3,"loc":{"start":{"line":3,"column":0},"end":{"line":3,"column":21}}}},"statementMap":{"1":{"start":{"line":2,"column":0},"end":{"line":2,"column":19}},"2":{"start":{"line":3,"column":0},"end":{"line":9,"column":1}},"3":{"start":{"line":4,"column":4},"end":{"line":6,"column":5}},"4":{"start":{"line":5,"column":8},"end":{"line":5,"column":73}},"5":{"start":{"line":7,"column":4},"end":{"line":7,"column":28}},"6":{"start":{"line":8,"column":4},"end":{"line":8,"column":17}},"7":{"start":{"line":10,"column":0},"end":{"line":10,"column":20}}},"branchMap":{"1":{"line":4,"type":"if","locations":[{"start":{"line":4,"column":4},"end":{"line":4,"column":4}},{"start":{"line":4,"column":4},"end":{"line":4,"column":4}}]}},"code":["\"use strict\";","var typeCache = {};","function type(label) {","    if (typeCache[label]) {","        throw new Error(\"Action type \\\"\" + label + \"\\\" is not unqiue\\\"\");","    }","    typeCache[label] = true;","    return label;","}","exports.type = type;",""],"l":{"2":1,"3":1,"4":12,"5":0,"7":12,"8":12,"10":1}},
"/Users/jonoforbes/Developer/Ether/winecellar/src/statemanagement/reducers/containers/collapsable-sidebar.reducer.ts":{"path":"/Users/jonoforbes/Developer/Ether/winecellar/src/statemanagement/reducers/containers/collapsable-sidebar.reducer.ts","s":{"1":1,"2":1,"3":1,"4":4,"5":1,"6":4,"7":2,"8":2,"9":1},"b":{"1":[1,3],"2":[2,2]},"f":{"1":4},"fnMap":{"1":{"name":"collapsableSidebarReducer","line":6,"loc":{"start":{"line":6,"column":0},"end":{"line":6,"column":50}}}},"statementMap":{"1":{"start":{"line":2,"column":0},"end":{"line":2,"column":58}},"2":{"start":{"line":3,"column":0},"end":{"line":5,"column":2}},"3":{"start":{"line":6,"column":0},"end":{"line":16,"column":1}},"4":{"start":{"line":7,"column":4},"end":{"line":7,"column":51}},"5":{"start":{"line":7,"column":28},"end":{"line":7,"column":49}},"6":{"start":{"line":8,"column":4},"end":{"line":15,"column":5}},"7":{"start":{"line":10,"column":12},"end":{"line":12,"column":14}},"8":{"start":{"line":14,"column":12},"end":{"line":14,"column":25}},"9":{"start":{"line":17,"column":0},"end":{"line":17,"column":62}}},"branchMap":{"1":{"line":7,"type":"if","locations":[{"start":{"line":7,"column":4},"end":{"line":7,"column":4}},{"start":{"line":7,"column":4},"end":{"line":7,"column":4}}]},"2":{"line":8,"type":"switch","locations":[{"start":{"line":9,"column":8},"end":{"line":12,"column":14}},{"start":{"line":13,"column":8},"end":{"line":14,"column":25}}]}},"code":["\"use strict\";","var sidebar = require(\"../../actions/containers/sidebar\");","var initialState = {","    isCollapsed: false","};","function collapsableSidebarReducer(state, action) {","    if (state === void 0) { state = initialState; }","    switch (action.type) {","        case sidebar.ActionTypes.TOGGLE_SIDEBAR:","            return {","                isCollapsed: !state.isCollapsed","            };","        default:","            return state;","    }","}","exports.collapsableSidebarReducer = collapsableSidebarReducer;",";",""],"l":{"2":1,"3":1,"6":1,"7":4,"8":4,"10":2,"14":2,"17":1}},
"/Users/jonoforbes/Developer/Ether/winecellar/src/statemanagement/actions/containers/sidebar.ts":{"path":"/Users/jonoforbes/Developer/Ether/winecellar/src/statemanagement/actions/containers/sidebar.ts","s":{"1":1,"2":1,"3":1,"4":1,"5":2,"6":1,"7":1},"b":{},"f":{"1":1,"2":2},"fnMap":{"1":{"name":"(anonymous_1)","line":6,"loc":{"start":{"line":6,"column":21},"end":{"line":6,"column":33}}},"2":{"name":"ToggleSidebar","line":7,"loc":{"start":{"line":7,"column":4},"end":{"line":7,"column":29}}}},"statementMap":{"1":{"start":{"line":2,"column":0},"end":{"line":2,"column":40}},"2":{"start":{"line":3,"column":0},"end":{"line":5,"column":2}},"3":{"start":{"line":6,"column":0},"end":{"line":11,"column":5}},"4":{"start":{"line":7,"column":4},"end":{"line":9,"column":5}},"5":{"start":{"line":8,"column":8},"end":{"line":8,"column":55}},"6":{"start":{"line":10,"column":4},"end":{"line":10,"column":25}},"7":{"start":{"line":12,"column":0},"end":{"line":12,"column":38}}},"branchMap":{},"code":["\"use strict\";","var util_1 = require(\"../../util/util\");","exports.ActionTypes = {","    TOGGLE_SIDEBAR: util_1.type(\"CONTAINER_COLLAPSABLESIDEBAR_TOGGLE\")","};","var ToggleSidebar = (function () {","    function ToggleSidebar() {","        this.type = exports.ActionTypes.TOGGLE_SIDEBAR;","    }","    return ToggleSidebar;","}());","exports.ToggleSidebar = ToggleSidebar;",""],"l":{"2":1,"3":1,"6":1,"7":1,"8":2,"10":1,"12":1}},
"/Users/jonoforbes/Developer/Ether/winecellar/src/statemanagement/reducers/containers/notifications-bar.reducer.ts":{"path":"/Users/jonoforbes/Developer/Ether/winecellar/src/statemanagement/reducers/containers/notifications-bar.reducer.ts","s":{"1":1,"2":1,"3":1,"4":4,"5":1,"6":4,"7":2,"8":2,"9":1},"b":{"1":[1,3],"2":[2,2]},"f":{"1":4},"fnMap":{"1":{"name":"notificationsBarReducer","line":6,"loc":{"start":{"line":6,"column":0},"end":{"line":6,"column":48}}}},"statementMap":{"1":{"start":{"line":2,"column":0},"end":{"line":2,"column":77}},"2":{"start":{"line":3,"column":0},"end":{"line":5,"column":2}},"3":{"start":{"line":6,"column":0},"end":{"line":16,"column":1}},"4":{"start":{"line":7,"column":4},"end":{"line":7,"column":51}},"5":{"start":{"line":7,"column":28},"end":{"line":7,"column":49}},"6":{"start":{"line":8,"column":4},"end":{"line":15,"column":5}},"7":{"start":{"line":10,"column":12},"end":{"line":12,"column":14}},"8":{"start":{"line":14,"column":12},"end":{"line":14,"column":25}},"9":{"start":{"line":17,"column":0},"end":{"line":17,"column":58}}},"branchMap":{"1":{"line":7,"type":"if","locations":[{"start":{"line":7,"column":4},"end":{"line":7,"column":4}},{"start":{"line":7,"column":4},"end":{"line":7,"column":4}}]},"2":{"line":8,"type":"switch","locations":[{"start":{"line":9,"column":8},"end":{"line":12,"column":14}},{"start":{"line":13,"column":8},"end":{"line":14,"column":25}}]}},"code":["\"use strict\";","var notificationsBar = require(\"../../actions/containers/notifications-bar\");","var initialState = {","    isCollapsed: false","};","function notificationsBarReducer(state, action) {","    if (state === void 0) { state = initialState; }","    switch (action.type) {","        case notificationsBar.ActionTypes.TOGGLE_NOTIFICATIONS_BAR:","            return {","                isCollapsed: !state.isCollapsed","            };","        default:","            return state;","    }","}","exports.notificationsBarReducer = notificationsBarReducer;",";",""],"l":{"2":1,"3":1,"6":1,"7":4,"8":4,"10":2,"14":2,"17":1}},
"/Users/jonoforbes/Developer/Ether/winecellar/src/statemanagement/actions/containers/notifications-bar.ts":{"path":"/Users/jonoforbes/Developer/Ether/winecellar/src/statemanagement/actions/containers/notifications-bar.ts","s":{"1":1,"2":1,"3":1,"4":1,"5":2,"6":1,"7":1},"b":{},"f":{"1":1,"2":2},"fnMap":{"1":{"name":"(anonymous_1)","line":6,"loc":{"start":{"line":6,"column":30},"end":{"line":6,"column":42}}},"2":{"name":"ToggleNotificationsBar","line":7,"loc":{"start":{"line":7,"column":4},"end":{"line":7,"column":38}}}},"statementMap":{"1":{"start":{"line":2,"column":0},"end":{"line":2,"column":40}},"2":{"start":{"line":3,"column":0},"end":{"line":5,"column":2}},"3":{"start":{"line":6,"column":0},"end":{"line":11,"column":5}},"4":{"start":{"line":7,"column":4},"end":{"line":9,"column":5}},"5":{"start":{"line":8,"column":8},"end":{"line":8,"column":65}},"6":{"start":{"line":10,"column":4},"end":{"line":10,"column":34}},"7":{"start":{"line":12,"column":0},"end":{"line":12,"column":56}}},"branchMap":{},"code":["\"use strict\";","var util_1 = require(\"../../util/util\");","exports.ActionTypes = {","    TOGGLE_NOTIFICATIONS_BAR: util_1.type(\"CONTAINER_NOTIFICATIONS_BAR_TOGGLE\")","};","var ToggleNotificationsBar = (function () {","    function ToggleNotificationsBar() {","        this.type = exports.ActionTypes.TOGGLE_NOTIFICATIONS_BAR;","    }","    return ToggleNotificationsBar;","}());","exports.ToggleNotificationsBar = ToggleNotificationsBar;",""],"l":{"2":1,"3":1,"6":1,"7":1,"8":2,"10":1,"12":1}},
"/Users/jonoforbes/Developer/Ether/winecellar/src/statemanagement/reducers/data/authentication.reducer.ts":{"path":"/Users/jonoforbes/Developer/Ether/winecellar/src/statemanagement/reducers/data/authentication.reducer.ts","s":{"1":1,"2":1,"3":1,"4":3,"5":0,"6":3,"7":1,"8":1,"9":1,"10":1,"11":1},"b":{"1":[0,3],"2":[1,1,1]},"f":{"1":3},"fnMap":{"1":{"name":"authenticationReducer","line":8,"loc":{"start":{"line":8,"column":0},"end":{"line":8,"column":46}}}},"statementMap":{"1":{"start":{"line":2,"column":0},"end":{"line":2,"column":65}},"2":{"start":{"line":3,"column":0},"end":{"line":7,"column":2}},"3":{"start":{"line":8,"column":0},"end":{"line":31,"column":1}},"4":{"start":{"line":9,"column":4},"end":{"line":9,"column":51}},"5":{"start":{"line":9,"column":28},"end":{"line":9,"column":49}},"6":{"start":{"line":10,"column":4},"end":{"line":30,"column":5}},"7":{"start":{"line":12,"column":12},"end":{"line":12,"column":75}},"8":{"start":{"line":13,"column":12},"end":{"line":21,"column":14}},"9":{"start":{"line":23,"column":12},"end":{"line":27,"column":14}},"10":{"start":{"line":29,"column":12},"end":{"line":29,"column":25}},"11":{"start":{"line":32,"column":0},"end":{"line":32,"column":54}}},"branchMap":{"1":{"line":9,"type":"if","locations":[{"start":{"line":9,"column":4},"end":{"line":9,"column":4}},{"start":{"line":9,"column":4},"end":{"line":9,"column":4}}]},"2":{"line":10,"type":"switch","locations":[{"start":{"line":11,"column":8},"end":{"line":21,"column":14}},{"start":{"line":22,"column":8},"end":{"line":27,"column":14}},{"start":{"line":28,"column":8},"end":{"line":29,"column":25}}]}},"code":["\"use strict\";","var authentication = require(\"../../actions/data/autentication\");","var initialState = {","    isAuthenticated: false,","    jwtToken: \"\",","    account: null","};","function authenticationReducer(state, action) {","    if (state === void 0) { state = initialState; }","    switch (action.type) {","        case authentication.ActionTypes.SET_AUTHENTICATION:","            var authenticationResult = action.payload.authenticationResult;","            return {","                isAuthenticated: true,","                jwtToken: authenticationResult.token,","                account: {","                    firstName: authenticationResult.firstName,","                    lastName: authenticationResult.lastName,","                    login: authenticationResult.login","                }","            };","        case authentication.ActionTypes.CLEAR_AUTHENTICATION:","            return {","                isAuthenticated: false,","                jwtToken: null,","                account: null","            };","        default:","            return state;","    }","}","exports.authenticationReducer = authenticationReducer;",";",""],"l":{"2":1,"3":1,"8":1,"9":3,"10":3,"12":1,"13":1,"23":1,"29":1,"32":1}},
"/Users/jonoforbes/Developer/Ether/winecellar/src/statemanagement/actions/data/autentication.ts":{"path":"/Users/jonoforbes/Developer/Ether/winecellar/src/statemanagement/actions/data/autentication.ts","s":{"1":1,"2":1,"3":1,"4":1,"5":1,"6":1,"7":1,"8":1,"9":1,"10":1,"11":1,"12":1,"13":1},"b":{},"f":{"1":1,"2":1,"3":1,"4":1},"fnMap":{"1":{"name":"(anonymous_1)","line":7,"loc":{"start":{"line":7,"column":25},"end":{"line":7,"column":37}}},"2":{"name":"SetAuthentication","line":8,"loc":{"start":{"line":8,"column":4},"end":{"line":8,"column":53}}},"3":{"name":"(anonymous_3)","line":15,"loc":{"start":{"line":15,"column":27},"end":{"line":15,"column":39}}},"4":{"name":"ClearAuthentication","line":16,"loc":{"start":{"line":16,"column":4},"end":{"line":16,"column":35}}}},"statementMap":{"1":{"start":{"line":2,"column":0},"end":{"line":2,"column":40}},"2":{"start":{"line":3,"column":0},"end":{"line":6,"column":2}},"3":{"start":{"line":7,"column":0},"end":{"line":13,"column":5}},"4":{"start":{"line":8,"column":4},"end":{"line":11,"column":5}},"5":{"start":{"line":9,"column":8},"end":{"line":9,"column":59}},"6":{"start":{"line":10,"column":8},"end":{"line":10,"column":70}},"7":{"start":{"line":12,"column":4},"end":{"line":12,"column":29}},"8":{"start":{"line":14,"column":0},"end":{"line":14,"column":46}},"9":{"start":{"line":15,"column":0},"end":{"line":20,"column":5}},"10":{"start":{"line":16,"column":4},"end":{"line":18,"column":5}},"11":{"start":{"line":17,"column":8},"end":{"line":17,"column":61}},"12":{"start":{"line":19,"column":4},"end":{"line":19,"column":31}},"13":{"start":{"line":21,"column":0},"end":{"line":21,"column":50}}},"branchMap":{},"code":["\"use strict\";","var util_1 = require(\"../../util/util\");","exports.ActionTypes = {","    SET_AUTHENTICATION: util_1.type(\"DATA_AUTHENTICATION_SET_AUTHENTICATION\"),","    CLEAR_AUTHENTICATION: util_1.type(\"DATA_AUTHENTICATION_CLEAR_AUTHENTICATION\")","};","var SetAuthentication = (function () {","    function SetAuthentication(authenticationResult) {","        this.type = exports.ActionTypes.SET_AUTHENTICATION;","        this.payload = { authenticationResult: authenticationResult };","    }","    return SetAuthentication;","}());","exports.SetAuthentication = SetAuthentication;","var ClearAuthentication = (function () {","    function ClearAuthentication() {","        this.type = exports.ActionTypes.CLEAR_AUTHENTICATION;","    }","    return ClearAuthentication;","}());","exports.ClearAuthentication = ClearAuthentication;",""],"l":{"2":1,"3":1,"7":1,"8":1,"9":1,"10":1,"12":1,"14":1,"15":1,"16":1,"17":1,"19":1,"21":1}},
"/Users/jonoforbes/Developer/Ether/winecellar/src/stock/entities/Wine.ts":{"path":"/Users/jonoforbes/Developer/Ether/winecellar/src/stock/entities/Wine.ts","s":{"1":1,"2":1,"3":20,"4":19,"5":20,"6":19,"7":20,"8":20,"9":20,"10":20,"11":20,"12":20,"13":20,"14":20,"15":20,"16":20,"17":20,"18":20,"19":20,"20":20,"21":20,"22":20,"23":20,"24":20,"25":20,"26":20,"27":1,"28":1},"b":{"1":[19,1],"2":[19,1],"3":[20,0],"4":[20,0],"5":[20,0],"6":[20,0],"7":[20,0],"8":[20,0]},"f":{"1":1,"2":20},"fnMap":{"1":{"name":"(anonymous_1)","line":2,"loc":{"start":{"line":2,"column":12},"end":{"line":2,"column":24}}},"2":{"name":"Wine","line":3,"loc":{"start":{"line":3,"column":4},"end":{"line":3,"column":89}}}},"statementMap":{"1":{"start":{"line":2,"column":0},"end":{"line":22,"column":5}},"2":{"start":{"line":3,"column":4},"end":{"line":20,"column":5}},"3":{"start":{"line":4,"column":8},"end":{"line":4,"column":43}},"4":{"start":{"line":4,"column":31},"end":{"line":4,"column":41}},"5":{"start":{"line":5,"column":8},"end":{"line":5,"column":57}},"6":{"start":{"line":5,"column":38},"end":{"line":5,"column":55}},"7":{"start":{"line":6,"column":8},"end":{"line":6,"column":47}},"8":{"start":{"line":6,"column":33},"end":{"line":6,"column":45}},"9":{"start":{"line":7,"column":8},"end":{"line":7,"column":48}},"10":{"start":{"line":7,"column":34},"end":{"line":7,"column":46}},"11":{"start":{"line":8,"column":8},"end":{"line":8,"column":44}},"12":{"start":{"line":8,"column":32},"end":{"line":8,"column":42}},"13":{"start":{"line":9,"column":8},"end":{"line":9,"column":50}},"14":{"start":{"line":9,"column":35},"end":{"line":9,"column":48}},"15":{"start":{"line":10,"column":8},"end":{"line":10,"column":47}},"16":{"start":{"line":10,"column":32},"end":{"line":10,"column":45}},"17":{"start":{"line":11,"column":8},"end":{"line":11,"column":61}},"18":{"start":{"line":11,"column":36},"end":{"line":11,"column":59}},"19":{"start":{"line":12,"column":8},"end":{"line":12,"column":25}},"20":{"start":{"line":13,"column":8},"end":{"line":13,"column":39}},"21":{"start":{"line":14,"column":8},"end":{"line":14,"column":29}},"22":{"start":{"line":15,"column":8},"end":{"line":15,"column":31}},"23":{"start":{"line":16,"column":8},"end":{"line":16,"column":27}},"24":{"start":{"line":17,"column":8},"end":{"line":17,"column":33}},"25":{"start":{"line":18,"column":8},"end":{"line":18,"column":27}},"26":{"start":{"line":19,"column":8},"end":{"line":19,"column":35}},"27":{"start":{"line":21,"column":4},"end":{"line":21,"column":16}},"28":{"start":{"line":23,"column":0},"end":{"line":23,"column":20}}},"branchMap":{"1":{"line":4,"type":"if","locations":[{"start":{"line":4,"column":8},"end":{"line":4,"column":8}},{"start":{"line":4,"column":8},"end":{"line":4,"column":8}}]},"2":{"line":5,"type":"if","locations":[{"start":{"line":5,"column":8},"end":{"line":5,"column":8}},{"start":{"line":5,"column":8},"end":{"line":5,"column":8}}]},"3":{"line":6,"type":"if","locations":[{"start":{"line":6,"column":8},"end":{"line":6,"column":8}},{"start":{"line":6,"column":8},"end":{"line":6,"column":8}}]},"4":{"line":7,"type":"if","locations":[{"start":{"line":7,"column":8},"end":{"line":7,"column":8}},{"start":{"line":7,"column":8},"end":{"line":7,"column":8}}]},"5":{"line":8,"type":"if","locations":[{"start":{"line":8,"column":8},"end":{"line":8,"column":8}},{"start":{"line":8,"column":8},"end":{"line":8,"column":8}}]},"6":{"line":9,"type":"if","locations":[{"start":{"line":9,"column":8},"end":{"line":9,"column":8}},{"start":{"line":9,"column":8},"end":{"line":9,"column":8}}]},"7":{"line":10,"type":"if","locations":[{"start":{"line":10,"column":8},"end":{"line":10,"column":8}},{"start":{"line":10,"column":8},"end":{"line":10,"column":8}}]},"8":{"line":11,"type":"if","locations":[{"start":{"line":11,"column":8},"end":{"line":11,"column":8}},{"start":{"line":11,"column":8},"end":{"line":11,"column":8}}]}},"code":["\"use strict\";","var Wine = (function () {","    function Wine(name, description, region, inStock, price, myRating, image, createdAt) {","        if (name === void 0) { name = \"\"; }","        if (description === void 0) { description = \"\"; }","        if (region === void 0) { region = \"\"; }","        if (inStock === void 0) { inStock = 0; }","        if (price === void 0) { price = 0; }","        if (myRating === void 0) { myRating = 0; }","        if (image === void 0) { image = null; }","        if (createdAt === void 0) { createdAt = new Date(); }","        this.name = name;","        this.description = description;","        this.region = region;","        this.inStock = inStock;","        this.price = price;","        this.myRating = myRating;","        this.image = image;","        this.createdAt = createdAt;","    }","    return Wine;","}());","exports.Wine = Wine;",""],"l":{"2":1,"3":1,"4":20,"5":20,"6":20,"7":20,"8":20,"9":20,"10":20,"11":20,"12":20,"13":20,"14":20,"15":20,"16":20,"17":20,"18":20,"19":20,"21":1,"23":1}},
"/Users/jonoforbes/Developer/Ether/winecellar/src/statemanagement/reducers/data/wines.reducer.ts":{"path":"/Users/jonoforbes/Developer/Ether/winecellar/src/statemanagement/reducers/data/wines.reducer.ts","s":{"1":1,"2":1,"3":7,"4":0,"5":7,"6":1,"7":1,"8":1,"9":3,"10":1,"11":3,"12":1,"13":3,"14":1,"15":3,"16":1,"17":1},"b":{"1":[0,7],"2":[1,1,1,1,1,1,1],"3":[1,2],"4":[1,2],"5":[1,2]},"f":{"1":7,"2":3,"3":3,"4":3,"5":3},"fnMap":{"1":{"name":"winesReducer","line":3,"loc":{"start":{"line":3,"column":0},"end":{"line":3,"column":37}}},"2":{"name":"(anonymous_2)","line":11,"loc":{"start":{"line":11,"column":32},"end":{"line":11,"column":48}}},"3":{"name":"(anonymous_3)","line":13,"loc":{"start":{"line":13,"column":29},"end":{"line":13,"column":45}}},"4":{"name":"(anonymous_4)","line":15,"loc":{"start":{"line":15,"column":29},"end":{"line":15,"column":45}}},"5":{"name":"(anonymous_5)","line":17,"loc":{"start":{"line":17,"column":29},"end":{"line":17,"column":45}}}},"statementMap":{"1":{"start":{"line":2,"column":0},"end":{"line":2,"column":46}},"2":{"start":{"line":3,"column":0},"end":{"line":21,"column":1}},"3":{"start":{"line":4,"column":4},"end":{"line":4,"column":41}},"4":{"start":{"line":4,"column":28},"end":{"line":4,"column":39}},"5":{"start":{"line":5,"column":4},"end":{"line":20,"column":5}},"6":{"start":{"line":7,"column":12},"end":{"line":7,"column":55}},"7":{"start":{"line":9,"column":12},"end":{"line":9,"column":48}},"8":{"start":{"line":11,"column":12},"end":{"line":11,"column":93}},"9":{"start":{"line":11,"column":50},"end":{"line":11,"column":89}},"10":{"start":{"line":13,"column":12},"end":{"line":13,"column":138}},"11":{"start":{"line":13,"column":47},"end":{"line":13,"column":134}},"12":{"start":{"line":15,"column":12},"end":{"line":15,"column":162}},"13":{"start":{"line":15,"column":47},"end":{"line":15,"column":158}},"14":{"start":{"line":17,"column":12},"end":{"line":17,"column":160}},"15":{"start":{"line":17,"column":47},"end":{"line":17,"column":156}},"16":{"start":{"line":19,"column":12},"end":{"line":19,"column":25}},"17":{"start":{"line":22,"column":0},"end":{"line":22,"column":36}}},"branchMap":{"1":{"line":4,"type":"if","locations":[{"start":{"line":4,"column":4},"end":{"line":4,"column":4}},{"start":{"line":4,"column":4},"end":{"line":4,"column":4}}]},"2":{"line":5,"type":"switch","locations":[{"start":{"line":6,"column":8},"end":{"line":7,"column":55}},{"start":{"line":8,"column":8},"end":{"line":9,"column":48}},{"start":{"line":10,"column":8},"end":{"line":11,"column":93}},{"start":{"line":12,"column":8},"end":{"line":13,"column":138}},{"start":{"line":14,"column":8},"end":{"line":15,"column":162}},{"start":{"line":16,"column":8},"end":{"line":17,"column":160}},{"start":{"line":18,"column":8},"end":{"line":19,"column":25}}]},"3":{"line":13,"type":"cond-expr","locations":[{"start":{"line":13,"column":88},"end":{"line":13,"column":126}},{"start":{"line":13,"column":129},"end":{"line":13,"column":133}}]},"4":{"line":15,"type":"cond-expr","locations":[{"start":{"line":15,"column":88},"end":{"line":15,"column":150}},{"start":{"line":15,"column":153},"end":{"line":15,"column":157}}]},"5":{"line":17,"type":"cond-expr","locations":[{"start":{"line":17,"column":88},"end":{"line":17,"column":148}},{"start":{"line":17,"column":151},"end":{"line":17,"column":155}}]}},"code":["\"use strict\";","var wine = require(\"../../actions/data/wine\");","function winesReducer(state, action) {","    if (state === void 0) { state = []; }","    switch (action.type) {","        case wine.ActionTypes.WINES_ADD:","            return state.concat([action.payload.wine]);","        case wine.ActionTypes.WINES_SET_ALL:","            return action.payload.wines.slice();","        case wine.ActionTypes.WINES_REMOVE:","            return state.filter(function (item) { return item._id !== action.payload._id; });","        case wine.ActionTypes.WINES_UPDATE:","            return state.map(function (item) { return item._id === action.payload._id ? Object.assign({}, action.payload.wine) : item; });","        case wine.ActionTypes.WINES_UPDATE_RATE:","            return state.map(function (item) { return item._id === action.payload._id ? Object.assign({}, item, { myRating: action.payload.myRating }) : item; });","        case wine.ActionTypes.WINES_UPDATE_STOCK:","            return state.map(function (item) { return item._id === action.payload._id ? Object.assign({}, item, { inStock: action.payload.myStock }) : item; });","        default:","            return state;","    }","}","exports.winesReducer = winesReducer;",";",""],"l":{"2":1,"3":1,"4":7,"5":7,"7":1,"9":1,"11":3,"13":3,"15":3,"17":3,"19":1,"22":1}},
"/Users/jonoforbes/Developer/Ether/winecellar/src/statemanagement/actions/data/wine.ts":{"path":"/Users/jonoforbes/Developer/Ether/winecellar/src/statemanagement/actions/data/wine.ts","s":{"1":1,"2":1,"3":1,"4":1,"5":1,"6":1,"7":1,"8":1,"9":1,"10":1,"11":1,"12":1,"13":1,"14":1,"15":1,"16":1,"17":1,"18":1,"19":1,"20":1,"21":1,"22":1,"23":1,"24":1,"25":1,"26":1,"27":1,"28":1,"29":1,"30":1,"31":1,"32":1,"33":1,"34":1,"35":1,"36":1,"37":1,"38":1},"b":{},"f":{"1":1,"2":1,"3":1,"4":1,"5":1,"6":1,"7":1,"8":1,"9":1,"10":1,"11":1,"12":1},"fnMap":{"1":{"name":"(anonymous_1)","line":11,"loc":{"start":{"line":11,"column":15},"end":{"line":11,"column":27}}},"2":{"name":"AddWine","line":12,"loc":{"start":{"line":12,"column":4},"end":{"line":12,"column":27}}},"3":{"name":"(anonymous_3)","line":19,"loc":{"start":{"line":19,"column":18},"end":{"line":19,"column":30}}},"4":{"name":"RemoveWine","line":20,"loc":{"start":{"line":20,"column":4},"end":{"line":20,"column":29}}},"5":{"name":"(anonymous_5)","line":27,"loc":{"start":{"line":27,"column":18},"end":{"line":27,"column":30}}},"6":{"name":"UpdateWine","line":28,"loc":{"start":{"line":28,"column":4},"end":{"line":28,"column":35}}},"7":{"name":"(anonymous_7)","line":35,"loc":{"start":{"line":35,"column":18},"end":{"line":35,"column":30}}},"8":{"name":"UpdateRate","line":36,"loc":{"start":{"line":36,"column":4},"end":{"line":36,"column":39}}},"9":{"name":"(anonymous_9)","line":43,"loc":{"start":{"line":43,"column":19},"end":{"line":43,"column":31}}},"10":{"name":"UpdateStock","line":44,"loc":{"start":{"line":44,"column":4},"end":{"line":44,"column":39}}},"11":{"name":"(anonymous_11)","line":51,"loc":{"start":{"line":51,"column":19},"end":{"line":51,"column":31}}},"12":{"name":"SetAllWines","line":52,"loc":{"start":{"line":52,"column":4},"end":{"line":52,"column":32}}}},"statementMap":{"1":{"start":{"line":2,"column":0},"end":{"line":2,"column":40}},"2":{"start":{"line":3,"column":0},"end":{"line":10,"column":2}},"3":{"start":{"line":11,"column":0},"end":{"line":17,"column":5}},"4":{"start":{"line":12,"column":4},"end":{"line":15,"column":5}},"5":{"start":{"line":13,"column":8},"end":{"line":13,"column":50}},"6":{"start":{"line":14,"column":8},"end":{"line":14,"column":38}},"7":{"start":{"line":16,"column":4},"end":{"line":16,"column":19}},"8":{"start":{"line":18,"column":0},"end":{"line":18,"column":26}},"9":{"start":{"line":19,"column":0},"end":{"line":25,"column":5}},"10":{"start":{"line":20,"column":4},"end":{"line":23,"column":5}},"11":{"start":{"line":21,"column":8},"end":{"line":21,"column":53}},"12":{"start":{"line":22,"column":8},"end":{"line":22,"column":36}},"13":{"start":{"line":24,"column":4},"end":{"line":24,"column":22}},"14":{"start":{"line":26,"column":0},"end":{"line":26,"column":32}},"15":{"start":{"line":27,"column":0},"end":{"line":33,"column":5}},"16":{"start":{"line":28,"column":4},"end":{"line":31,"column":5}},"17":{"start":{"line":29,"column":8},"end":{"line":29,"column":53}},"18":{"start":{"line":30,"column":8},"end":{"line":30,"column":48}},"19":{"start":{"line":32,"column":4},"end":{"line":32,"column":22}},"20":{"start":{"line":34,"column":0},"end":{"line":34,"column":32}},"21":{"start":{"line":35,"column":0},"end":{"line":41,"column":5}},"22":{"start":{"line":36,"column":4},"end":{"line":39,"column":5}},"23":{"start":{"line":37,"column":8},"end":{"line":37,"column":58}},"24":{"start":{"line":38,"column":8},"end":{"line":38,"column":56}},"25":{"start":{"line":40,"column":4},"end":{"line":40,"column":22}},"26":{"start":{"line":42,"column":0},"end":{"line":42,"column":32}},"27":{"start":{"line":43,"column":0},"end":{"line":49,"column":5}},"28":{"start":{"line":44,"column":4},"end":{"line":47,"column":5}},"29":{"start":{"line":45,"column":8},"end":{"line":45,"column":59}},"30":{"start":{"line":46,"column":8},"end":{"line":46,"column":54}},"31":{"start":{"line":48,"column":4},"end":{"line":48,"column":23}},"32":{"start":{"line":50,"column":0},"end":{"line":50,"column":34}},"33":{"start":{"line":51,"column":0},"end":{"line":57,"column":5}},"34":{"start":{"line":52,"column":4},"end":{"line":55,"column":5}},"35":{"start":{"line":53,"column":8},"end":{"line":53,"column":54}},"36":{"start":{"line":54,"column":8},"end":{"line":54,"column":40}},"37":{"start":{"line":56,"column":4},"end":{"line":56,"column":23}},"38":{"start":{"line":58,"column":0},"end":{"line":58,"column":34}}},"branchMap":{},"code":["\"use strict\";","var util_1 = require(\"../../util/util\");","exports.ActionTypes = {","    WINES_ADD: util_1.type(\"DATA_WINES_ADD\"),","    WINES_REMOVE: util_1.type(\"DATA_WINES_REMOVE\"),","    WINES_UPDATE: util_1.type(\"DATA_WINES_UPDATE\"),","    WINES_UPDATE_RATE: util_1.type(\"DATA_WINES_UPDATE_RATE\"),","    WINES_UPDATE_STOCK: util_1.type(\"DATA_WINES_UPDATE_STOCK\"),","    WINES_SET_ALL: util_1.type(\"DATA_WINES_ADD_ALL\")","};","var AddWine = (function () {","    function AddWine(wine) {","        this.type = exports.ActionTypes.WINES_ADD;","        this.payload = { wine: wine };","    }","    return AddWine;","}());","exports.AddWine = AddWine;","var RemoveWine = (function () {","    function RemoveWine(_id) {","        this.type = exports.ActionTypes.WINES_REMOVE;","        this.payload = { _id: _id };","    }","    return RemoveWine;","}());","exports.RemoveWine = RemoveWine;","var UpdateWine = (function () {","    function UpdateWine(_id, wine) {","        this.type = exports.ActionTypes.WINES_UPDATE;","        this.payload = { _id: _id, wine: wine };","    }","    return UpdateWine;","}());","exports.UpdateWine = UpdateWine;","var UpdateRate = (function () {","    function UpdateRate(_id, myRating) {","        this.type = exports.ActionTypes.WINES_UPDATE_RATE;","        this.payload = { _id: _id, myRating: myRating };","    }","    return UpdateRate;","}());","exports.UpdateRate = UpdateRate;","var UpdateStock = (function () {","    function UpdateStock(_id, myStock) {","        this.type = exports.ActionTypes.WINES_UPDATE_STOCK;","        this.payload = { _id: _id, myStock: myStock };","    }","    return UpdateStock;","}());","exports.UpdateStock = UpdateStock;","var SetAllWines = (function () {","    function SetAllWines(wines) {","        this.type = exports.ActionTypes.WINES_SET_ALL;","        this.payload = { wines: wines };","    }","    return SetAllWines;","}());","exports.SetAllWines = SetAllWines;",""],"l":{"2":1,"3":1,"11":1,"12":1,"13":1,"14":1,"16":1,"18":1,"19":1,"20":1,"21":1,"22":1,"24":1,"26":1,"27":1,"28":1,"29":1,"30":1,"32":1,"34":1,"35":1,"36":1,"37":1,"38":1,"40":1,"42":1,"43":1,"44":1,"45":1,"46":1,"48":1,"50":1,"51":1,"52":1,"53":1,"54":1,"56":1,"58":1}}}
